index | value | father | sibling
0 program -1 -1
1 15 0 2
2 compoundStatement -1 -1
3 12 2 4
4 statement -1 11
5 declarationStatement 4 -1
6 type 5 8
7 16 6 -1
8 simpleID -1 10
9 0 8 -1
10 14 -1 -1
11 statements -1 23
12 statement 11 18
13 ioStatement 12 -1
14 19 13 15
15 simpleID -1 17
16 0 15 -1
17 14 -1 -1
18 statements -1 -1
19 statement 18 34
20 ifStatement 19 -1
21 24 20 22
22 condition -1 30
23 8 22 24
24 expression -1 26
25 0 24 -1
26 relation -1 28
27 21 26 -1
28 expression -1 30
29 0 28 -1
30 9 -1 31
31 compoundStatement -1 48
32 12 31 33
33 statement -1 41
34 assignmentStatement 33 -1
35 simpleID 34 37
36 0 35 -1
37 7 -1 38
38 expression -1 40
39 0 38 -1
40 14 -1 -1
41 13 -1 -1
42 25 -1 -1
43 compoundStatement -1 -1
44 12 43 45
45 statement -1 53
46 assignmentStatement 45 -1
47 simpleID 46 49
48 0 47 -1
49 7 -1 50
50 expression -1 52
51 0 50 -1
52 14 -1 -1
53 13 -1 -1
54 statements -1 -1
55 statement 54 67
56 ifStatement 55 -1
57 24 56 58
58 condition -1 66
59 8 58 60
60 expression -1 62
61 0 60 -1
62 relation -1 64
63 22 62 -1
64 expression -1 66
65 0 64 -1
66 9 -1 -1
67 compoundStatement -1 -1
68 12 67 69
69 statement -1 77
70 assignmentStatement 69 -1
71 simpleID 70 73
72 0 71 -1
73 7 -1 74
74 expression -1 76
75 0 74 -1
76 14 -1 -1
77 13 -1 -1
78 statements -1 -1
79 statement 78 -1
80 ioStatement 79 -1
81 20 80 82
82 simpleID -1 84
83 0 82 -1
84 14 -1 -1
85 13 -1 -1
